0 verbose cli /Users/elliottbregni/.nvm/versions/node/v25.2.1/bin/node /Users/elliottbregni/.nvm/versions/node/v25.2.1/lib/node_modules/npm/bin/npm-cli.js
1 info using npm@11.6.2
2 info using node@v25.2.1
3 silly config load:file:/Users/elliottbregni/.nvm/versions/node/v25.2.1/lib/node_modules/npm/npmrc
4 silly config load:file:/Users/elliottbregni/dev/obscura-main/.npmrc
5 silly config load:file:/Users/elliottbregni/dev/obscura-main/.home/.npmrc
6 silly config load:file:/Users/elliottbregni/.nvm/versions/node/v25.2.1/etc/npmrc
7 verbose title npm exec gitnexus status
8 verbose argv "exec" "--yes" "--" "gitnexus" "status"
9 verbose logfile logs-max:10 dir:/Users/elliottbregni/dev/obscura-main/.npm/_logs/2026-04-04T23_15_40_143Z-
10 verbose logfile /Users/elliottbregni/dev/obscura-main/.npm/_logs/2026-04-04T23_15_40_143Z-debug-0.log
11 silly logfile start cleaning logs, removing 1 files
12 silly logfile done cleaning log files
13 silly packumentCache heap:4496293888 maxSize:1124073472 maxEntrySize:562036736
14 http fetch GET 200 https://registry.npmjs.org/gitnexus 129ms (cache revalidated)
15 silly packumentCache heap:4496293888 maxSize:1124073472 maxEntrySize:562036736
16 silly packumentCache heap:4496293888 maxSize:1124073472 maxEntrySize:562036736
17 verbose cwd /Users/elliottbregni/dev/obscura-main
18 verbose os Darwin 25.3.0
19 verbose node v25.2.1
20 verbose npm  v11.6.2
21 verbose exit 0
22 info ok
