0 verbose cli /Users/elliottbregni/.nvm/versions/node/v25.2.1/bin/node /Users/elliottbregni/.nvm/versions/node/v25.2.1/lib/node_modules/npm/bin/npm-cli.js
1 info using npm@11.6.2
2 info using node@v25.2.1
3 silly config load:file:/Users/elliottbregni/.nvm/versions/node/v25.2.1/lib/node_modules/npm/npmrc
4 silly config load:file:/Users/elliottbregni/dev/obscura-main/.npmrc
5 silly config load:file:/Users/elliottbregni/dev/obscura-main/.home/.npmrc
6 silly config load:file:/Users/elliottbregni/.nvm/versions/node/v25.2.1/etc/npmrc
7 verbose title npm exec gitnexus analyze
8 verbose argv "exec" "--yes" "--" "gitnexus" "analyze"
9 verbose logfile logs-max:10 dir:/Users/elliottbregni/dev/obscura-main/.npm/_logs/2026-04-04T23_15_35_683Z-
10 verbose logfile /Users/elliottbregni/dev/obscura-main/.npm/_logs/2026-04-04T23_15_35_683Z-debug-0.log
11 silly logfile done cleaning log files
12 silly packumentCache heap:4496293888 maxSize:1124073472 maxEntrySize:562036736
13 http fetch GET 200 https://registry.npmjs.org/gitnexus 135ms (cache revalidated)
14 silly packumentCache heap:4496293888 maxSize:1124073472 maxEntrySize:562036736
15 silly packumentCache heap:4496293888 maxSize:1124073472 maxEntrySize:562036736
16 verbose cwd /Users/elliottbregni/dev/obscura-main
17 verbose os Darwin 25.3.0
18 verbose node v25.2.1
19 verbose npm  v11.6.2
20 verbose exit 0
21 info ok
