0 verbose cli /opt/homebrew/Cellar/node/25.8.0/bin/node /opt/homebrew/lib/node_modules/npm/bin/npm-cli.js
1 info using npm@11.11.0
2 info using node@v25.8.0
3 silly config load:file:/opt/homebrew/lib/node_modules/npm/npmrc
4 silly config load:file:/Users/elliottbregni/dev/obscura-main/.npmrc
5 silly config load:file:/Users/elliottbregni/.npmrc
6 silly config load:file:/opt/homebrew/etc/npmrc
7 verbose title npm exec gitnexus status
8 verbose argv "exec" "--yes" "--" "gitnexus" "status"
9 verbose logfile logs-max:10 dir:/Users/elliottbregni/dev/obscura-main/.npm/_logs/2026-04-04T23_14_25_333Z-
10 verbose logfile /Users/elliottbregni/dev/obscura-main/.npm/_logs/2026-04-04T23_14_25_333Z-debug-0.log
11 silly logfile done cleaning log files
12 silly packumentCache heap:4496293888 maxSize:1124073472 maxEntrySize:562036736
13 http fetch GET 200 https://registry.npmjs.org/gitnexus 229ms (cache revalidated)
14 silly packumentCache heap:4496293888 maxSize:1124073472 maxEntrySize:562036736
15 silly packumentCache heap:4496293888 maxSize:1124073472 maxEntrySize:562036736
16 verbose cwd /Users/elliottbregni/dev/obscura-main
17 verbose os Darwin 25.3.0
18 verbose node v25.8.0
19 verbose npm  v11.11.0
20 verbose exit 0
21 info ok
